# JRE version: Java(TM) SE Runtime Environment (8.0_202-b08) (build 1.8.0_202-b08)
# Java VM: Java HotSpot(TM) Client VM (25.202-b08 mixed mode windows-x86 )
Heap:
 def new generation   total 9280K, used 4860K [0x04800000, 0x05210000, 0x09d50000)
  eden space 8256K,  46% used [0x04800000, 0x04bbf3b0, 0x05010000)
  from space 1024K, 100% used [0x05110000, 0x05210000, 0x05210000)
  to   space 1024K,   0% used [0x05010000, 0x05010000, 0x05110000)
 tenured generation   total 20548K, used 14567K [0x09d50000, 0x0b161000, 0x14800000)
   the space 20548K,  70% used [0x09d50000, 0x0ab89fe0, 0x0ab8a000, 0x0b161000)
 Metaspace       used 17110K, capacity 17977K, committed 18048K, reserved 18816K
GC Heap History (10 events):
Event: 1.665 GC heap before
{Heap before GC invocations=14 (full 1):
 def new generation   total 5376K, used 4833K [0x04800000, 0x04dd0000, 0x09d50000)
  eden space 4800K,  93% used [0x04800000, 0x04c66c60, 0x04cb0000)
  from space 576K,  56% used [0x04d40000, 0x04d91ac8, 0x04dd0000)
  to   space 576K,   0% used [0x04cb0000, 0x04cb0000, 0x04d40000)
 tenured generation   total 11816K, used 7089K [0x09d50000, 0x0a8da000, 0x14800000)
   the space 11816K,  59% used [0x09d50000, 0x0a43c4a8, 0x0a43c600, 0x0a8da000)
 Metaspace       used 13055K, capacity 13741K, committed 13824K, reserved 14720K
Event: 1.669 GC heap after
Heap after GC invocations=15 (full 1):
 def new generation   total 5376K, used 576K [0x04800000, 0x04dd0000, 0x09d50000)
  eden space 4800K,   0% used [0x04800000, 0x04800000, 0x04cb0000)
  from space 576K, 100% used [0x04cb0000, 0x04d40000, 0x04d40000)
  to   space 576K,   0% used [0x04d40000, 0x04d40000, 0x04dd0000)
 tenured generation   total 11816K, used 7751K [0x09d50000, 0x0a8da000, 0x14800000)
   the space 11816K,  65% used [0x09d50000, 0x0a4e1d80, 0x0a4e1e00, 0x0a8da000)
 Metaspace       used 13055K, capacity 13741K, committed 13824K, reserved 14720K
}
Event: 1.752 GC heap before
{Heap before GC invocations=15 (full 1):
 def new generation   total 5376K, used 5310K [0x04800000, 0x04dd0000, 0x09d50000)
  eden space 4800K,  98% used [0x04800000, 0x04c9f8a0, 0x04cb0000)
  from space 576K, 100% used [0x04cb0000, 0x04d40000, 0x04d40000)
  to   space 576K,   0% used [0x04d40000, 0x04d40000, 0x04dd0000)
 tenured generation   total 11816K, used 7751K [0x09d50000, 0x0a8da000, 0x14800000)
   the space 11816K,  65% used [0x09d50000, 0x0a4e1d80, 0x0a4e1e00, 0x0a8da000)
 Metaspace       used 13532K, capacity 14284K, committed 14336K, reserved 14720K
Event: 1.757 GC heap after
Heap after GC invocations=16 (full 1):
 def new generation   total 5376K, used 230K [0x04800000, 0x04dd0000, 0x09d50000)
  eden space 4800K,   0% used [0x04800000, 0x04800000, 0x04cb0000)
  from space 576K,  39% used [0x04d40000, 0x04d79870, 0x04dd0000)
  to   space 576K,   0% used [0x04cb0000, 0x04cb0000, 0x04d40000)
 tenured generation   total 11816K, used 9340K [0x09d50000, 0x0a8da000, 0x14800000)
   the space 11816K,  79% used [0x09d50000, 0x0a66f2f0, 0x0a66f400, 0x0a8da000)
 Metaspace       used 13532K, capacity 14284K, committed 14336K, reserved 14720K
}
Event: 2.300 GC heap before
{Heap before GC invocations=16 (full 1):
 def new generation   total 5376K, used 5030K [0x04800000, 0x04dd0000, 0x09d50000)
  eden space 4800K, 100% used [0x04800000, 0x04cb0000, 0x04cb0000)
  from space 576K,  39% used [0x04d40000, 0x04d79870, 0x04dd0000)
  to   space 576K,   0% used [0x04cb0000, 0x04cb0000, 0x04d40000)
 tenured generation   total 11816K, used 9340K [0x09d50000, 0x0a8da000, 0x14800000)
   the space 11816K,  79% used [0x09d50000, 0x0a66f2f0, 0x0a66f400, 0x0a8da000)
 Metaspace       used 13931K, capacity 14755K, committed 14848K, reserved 15744K
Event: 2.304 GC heap after
Heap after GC invocations=17 (full 1):
 def new generation   total 5376K, used 576K [0x04800000, 0x04dd0000, 0x09d50000)
  eden space 4800K,   0% used [0x04800000, 0x04800000, 0x04cb0000)
  from space 576K, 100% used [0x04cb0000, 0x04d40000, 0x04d40000)
  to   space 576K,   0% used [0x04d40000, 0x04d40000, 0x04dd0000)
 tenured generation   total 11816K, used 10780K [0x09d50000, 0x0a8da000, 0x14800000)
   the space 11816K,  91% used [0x09d50000, 0x0a7d7380, 0x0a7d7400, 0x0a8da000)
 Metaspace       used 13931K, capacity 14755K, committed 14848K, reserved 15744K
}
Event: 3.666 GC heap before
{Heap before GC invocations=17 (full 1):
 def new generation   total 5376K, used 5371K [0x04800000, 0x04dd0000, 0x09d50000)
  eden space 4800K,  99% used [0x04800000, 0x04caec10, 0x04cb0000)
  from space 576K, 100% used [0x04cb0000, 0x04d40000, 0x04d40000)
  to   space 576K,   0% used [0x04d40000, 0x04d40000, 0x04dd0000)
 tenured generation   total 11816K, used 10780K [0x09d50000, 0x0a8da000, 0x14800000)
   the space 11816K,  91% used [0x09d50000, 0x0a7d7380, 0x0a7d7400, 0x0a8da000)
 Metaspace       used 14130K, capacity 14975K, committed 14976K, reserved 15744K
Event: 3.713 GC heap after
Heap after GC invocations=18 (full 2):
 def new generation   total 9280K, used 543K [0x04800000, 0x05210000, 0x09d50000)
  eden space 8256K,   6% used [0x04800000, 0x04887e00, 0x05010000)
  from space 1024K,   0% used [0x05010000, 0x05010000, 0x05110000)
  to   space 1024K,   0% used [0x05110000, 0x05110000, 0x05210000)
 tenured generation   total 20548K, used 12327K [0x09d50000, 0x0b161000, 0x14800000)
   the space 20548K,  59% used [0x09d50000, 0x0a959ed8, 0x0a95a000, 0x0b161000)
 Metaspace       used 14130K, capacity 14975K, committed 14976K, reserved 15744K
}
Event: 5.438 GC heap before
{Heap before GC invocations=18 (full 2):
 def new generation   total 9280K, used 8256K [0x04800000, 0x05210000, 0x09d50000)
  eden space 8256K, 100% used [0x04800000, 0x05010000, 0x05010000)
  from space 1024K,   0% used [0x05010000, 0x05010000, 0x05110000)
  to   space 1024K,   0% used [0x05110000, 0x05110000, 0x05210000)
 tenured generation   total 20548K, used 12327K [0x09d50000, 0x0b161000, 0x14800000)
   the space 20548K,  59% used [0x09d50000, 0x0a959ed8, 0x0a95a000, 0x0b161000)
 Metaspace       used 16326K, capacity 17206K, committed 17280K, reserved 17792K
Event: 5.446 GC heap after
Heap after GC invocations=19 (full 2):
 def new generation   total 9280K, used 1024K [0x04800000, 0x05210000, 0x09d50000)
  eden space 8256K,   0% used [0x04800000, 0x04800000, 0x05010000)
  from space 1024K, 100% used [0x05110000, 0x05210000, 0x05210000)
  to   space 1024K,   0% used [0x05010000, 0x05010000, 0x05110000)
 tenured generation   total 20548K, used 14567K [0x09d50000, 0x0b161000, 0x14800000)
   the space 20548K,  70% used [0x09d50000, 0x0ab89fe0, 0x0ab8a000, 0x0b161000)
 Metaspace       used 16326K, capacity 17206K, committed 17280K, reserved 17792K
}

